Using pre-set license
Built from '2020.3/release' branch; Version is '2020.3.7f1 (dd97f2c94397) revision 14522354'; Using compiler version '192528614'; Build Type 'Release'
OS: 'Windows 10 Pro; OS build 19041.985; Version 2004; 64bit' Language: 'es' Physical Memory: 14260 MB
BatchMode: 1, IsHumanControllingUs: 0, StartBugReporterOnCrash: 0, Is64bit: 1, IsPro: 0

 COMMAND LINE ARGUMENTS:
C:\Program Files\Unity\Hub\Editor\2020.3.7f1\Editor\Unity.exe
-adb2
-batchMode
-noUpm
-name
AssetImportWorker0
-projectPath
C:/Users/Usuario/Documents/GitHub/Progra-3---Tarea-3---RZ----CAT/Ejemploarrays_RaulZarate
-logFile
Logs/AssetImportWorker0.log
-srvPort
60432
Successfully changed project path to: C:/Users/Usuario/Documents/GitHub/Progra-3---Tarea-3---RZ----CAT/Ejemploarrays_RaulZarate
C:/Users/Usuario/Documents/GitHub/Progra-3---Tarea-3---RZ----CAT/Ejemploarrays_RaulZarate
Using Asset Import Pipeline V2.
Refreshing native plugins compatible for Editor in 46.96 ms, found 1 plugins.
Preloading 0 native plugins for Editor in 0.00 ms.
Initialize engine version: 2020.3.7f1 (dd97f2c94397)
[Subsystems] Discovering subsystems at path C:/Program Files/Unity/Hub/Editor/2020.3.7f1/Editor/Data/Resources/UnitySubsystems
[Subsystems] Discovering subsystems at path C:/Users/Usuario/Documents/GitHub/Progra-3---Tarea-3---RZ----CAT/Ejemploarrays_RaulZarate/Assets
GfxDevice: creating device client; threaded=0
Direct3D:
    Version:  Direct3D 11.0 [level 11.1]
    Renderer: AMD Radeon(TM) RX Vega 11 Graphics (ID=0x15d8)
    Vendor:   
    VRAM:     7130 MB
    Driver:   27.20.21002.112
Initialize mono
Mono path[0] = 'C:/Program Files/Unity/Hub/Editor/2020.3.7f1/Editor/Data/Managed'
Mono path[1] = 'C:/Program Files/Unity/Hub/Editor/2020.3.7f1/Editor/Data/MonoBleedingEdge/lib/mono/unityjit'
Mono config path = 'C:/Program Files/Unity/Hub/Editor/2020.3.7f1/Editor/Data/MonoBleedingEdge/etc'
Using monoOptions --debugger-agent=transport=dt_socket,embedding=1,server=y,suspend=n,address=127.0.0.1:56528
Begin MonoManager ReloadAssembly
Registering precompiled unity dll's ...
Register platform support module: C:/Program Files/Unity/Hub/Editor/2020.3.7f1/Editor/Data/PlaybackEngines/WindowsStandaloneSupport/UnityEditor.WindowsStandalone.Extensions.dll
Registered in 0.002129 seconds.
Native extension for WindowsStandalone target not found
Refreshing native plugins compatible for Editor in 37.55 ms, found 1 plugins.
Preloading 0 native plugins for Editor in 0.00 ms.
Mono: successfully reloaded assembly
- Completed reload, in  1.240 seconds
Platform modules already initialized, skipping
Registering precompiled user dll's ...
Registered in 0.001081 seconds.
Begin MonoManager ReloadAssembly
Native extension for WindowsStandalone target not found
Refreshing native plugins compatible for Editor in 39.62 ms, found 1 plugins.
Preloading 0 native plugins for Editor in 0.00 ms.
Mono: successfully reloaded assembly
- Completed reload, in  1.166 seconds
Platform modules already initialized, skipping
========================================================================
Worker process is ready to serve import requests
Launched and connected shader compiler UnityShaderCompiler.exe after 0.04 seconds
Refreshing native plugins compatible for Editor in 0.34 ms, found 1 plugins.
Preloading 0 native plugins for Editor in 0.00 ms.
Unloading 1809 Unused Serialized files (Serialized files now loaded: 0)
System memory in use before: 85.5 MB.
System memory in use after: 85.4 MB.

Unloading 24 unused Assets to reduce memory usage. Loaded Objects now: 2251.
Total: 2.961200 ms (FindLiveObjects: 0.255000 ms CreateObjectMapping: 0.081900 ms MarkObjects: 2.448400 ms  DeleteObjects: 0.171800 ms)

========================================================================
Received Import Request.
  path: Assets/EjemploArray.cs
  artifactKey: Guid(76865780c276ac84bbdf05177e71f94a) Importer(815301076,1909f56bfc062723c751e8b465ee728b)
Start importing Assets/EjemploArray.cs using Guid(76865780c276ac84bbdf05177e71f94a) Importer(815301076,1909f56bfc062723c751e8b465ee728b)  -> (artifact id: '3a6ccd9b9b80907aefa52823b751e47d') in 0.043652 seconds
  Import took 0.047630 seconds .

========================================================================
Received Import Request.
  Time since last request: 178.071170 seconds.
  path: Assets/EjemploArray.cs
  artifactKey: Guid(76865780c276ac84bbdf05177e71f94a) Importer(815301076,1909f56bfc062723c751e8b465ee728b)
Start importing Assets/EjemploArray.cs using Guid(76865780c276ac84bbdf05177e71f94a) Importer(815301076,1909f56bfc062723c751e8b465ee728b)  -> (artifact id: 'c6f4a58cbb5d2ffd24b2eff62bd3e450') in 0.003457 seconds
  Import took 0.006932 seconds .

========================================================================
Received Prepare
Registering precompiled user dll's ...
Registered in 0.001320 seconds.
Begin MonoManager ReloadAssembly
Native extension for WindowsStandalone target not found
Refreshing native plugins compatible for Editor in 0.39 ms, found 1 plugins.
Preloading 0 native plugins for Editor in 0.00 ms.
Mono: successfully reloaded assembly
- Completed reload, in  0.905 seconds
Platform modules already initialized, skipping
Refreshing native plugins compatible for Editor in 0.36 ms, found 1 plugins.
Preloading 0 native plugins for Editor in 0.00 ms.
Unloading 1804 Unused Serialized files (Serialized files now loaded: 0)
System memory in use before: 85.4 MB.
System memory in use after: 85.4 MB.

Unloading 12 unused Assets to reduce memory usage. Loaded Objects now: 2255.
Total: 2.283000 ms (FindLiveObjects: 0.220800 ms CreateObjectMapping: 0.054900 ms MarkObjects: 1.878300 ms  DeleteObjects: 0.127400 ms)

========================================================================
Received Prepare
Registering precompiled user dll's ...
Registered in 0.001341 seconds.
Begin MonoManager ReloadAssembly
Native extension for WindowsStandalone target not found
Refreshing native plugins compatible for Editor in 0.41 ms, found 1 plugins.
Preloading 0 native plugins for Editor in 0.00 ms.
Mono: successfully reloaded assembly
- Completed reload, in  0.912 seconds
Platform modules already initialized, skipping
Refreshing native plugins compatible for Editor in 0.35 ms, found 1 plugins.
Preloading 0 native plugins for Editor in 0.00 ms.
Unloading 1804 Unused Serialized files (Serialized files now loaded: 0)
System memory in use before: 85.5 MB.
System memory in use after: 85.4 MB.

Unloading 12 unused Assets to reduce memory usage. Loaded Objects now: 2259.
Total: 3.419800 ms (FindLiveObjects: 0.430800 ms CreateObjectMapping: 0.200200 ms MarkObjects: 2.617800 ms  DeleteObjects: 0.168800 ms)

========================================================================
Received Prepare
Registering precompiled user dll's ...
Registered in 0.001214 seconds.
Begin MonoManager ReloadAssembly
Native extension for WindowsStandalone target not found
Refreshing native plugins compatible for Editor in 0.42 ms, found 1 plugins.
Preloading 0 native plugins for Editor in 0.00 ms.
Mono: successfully reloaded assembly
- Completed reload, in  0.867 seconds
Platform modules already initialized, skipping
Refreshing native plugins compatible for Editor in 0.37 ms, found 1 plugins.
Preloading 0 native plugins for Editor in 0.00 ms.
Unloading 1804 Unused Serialized files (Serialized files now loaded: 0)
System memory in use before: 85.5 MB.
System memory in use after: 85.5 MB.

Unloading 12 unused Assets to reduce memory usage. Loaded Objects now: 2263.
Total: 2.318300 ms (FindLiveObjects: 0.222100 ms CreateObjectMapping: 0.047500 ms MarkObjects: 1.918200 ms  DeleteObjects: 0.129200 ms)

========================================================================
Received Prepare
Registering precompiled user dll's ...
Registered in 0.001121 seconds.
Begin MonoManager ReloadAssembly
Native extension for WindowsStandalone target not found
Refreshing native plugins compatible for Editor in 0.44 ms, found 1 plugins.
Preloading 0 native plugins for Editor in 0.00 ms.
Mono: successfully reloaded assembly
- Completed reload, in  0.948 seconds
Platform modules already initialized, skipping
Refreshing native plugins compatible for Editor in 0.34 ms, found 1 plugins.
Preloading 0 native plugins for Editor in 0.00 ms.
Unloading 1804 Unused Serialized files (Serialized files now loaded: 0)
System memory in use before: 85.5 MB.
System memory in use after: 85.5 MB.

Unloading 12 unused Assets to reduce memory usage. Loaded Objects now: 2267.
Total: 2.947800 ms (FindLiveObjects: 0.233000 ms CreateObjectMapping: 0.068700 ms MarkObjects: 2.499700 ms  DeleteObjects: 0.144400 ms)

========================================================================
Received Prepare
Registering precompiled user dll's ...
Registered in 0.001035 seconds.
Begin MonoManager ReloadAssembly
Native extension for WindowsStandalone target not found
Refreshing native plugins compatible for Editor in 0.50 ms, found 1 plugins.
Preloading 0 native plugins for Editor in 0.00 ms.
Mono: successfully reloaded assembly
- Completed reload, in  0.914 seconds
Platform modules already initialized, skipping
Refreshing native plugins compatible for Editor in 0.37 ms, found 1 plugins.
Preloading 0 native plugins for Editor in 0.00 ms.
Unloading 1804 Unused Serialized files (Serialized files now loaded: 0)
System memory in use before: 85.5 MB.
System memory in use after: 85.5 MB.

Unloading 12 unused Assets to reduce memory usage. Loaded Objects now: 2271.
Total: 2.756900 ms (FindLiveObjects: 0.258600 ms CreateObjectMapping: 0.063300 ms MarkObjects: 2.293300 ms  DeleteObjects: 0.140300 ms)

========================================================================
Received Import Request.
  Time since last request: 1155.741602 seconds.
  path: Assets/Balls.cs
  artifactKey: Guid(3fa4a4f6b254e46499e9e2a26f3068ed) Importer(815301076,1909f56bfc062723c751e8b465ee728b)
Start importing Assets/Balls.cs using Guid(3fa4a4f6b254e46499e9e2a26f3068ed) Importer(815301076,1909f56bfc062723c751e8b465ee728b)  -> (artifact id: '12cc19bd3ed905150321e77c983b8504') in 0.012649 seconds
  Import took 0.016078 seconds .

========================================================================
Received Prepare
Registering precompiled user dll's ...
Registered in 0.001350 seconds.
Begin MonoManager ReloadAssembly
Native extension for WindowsStandalone target not found
Refreshing native plugins compatible for Editor in 0.39 ms, found 1 plugins.
Preloading 0 native plugins for Editor in 0.00 ms.
Mono: successfully reloaded assembly
- Completed reload, in  0.915 seconds
Platform modules already initialized, skipping
Refreshing native plugins compatible for Editor in 0.34 ms, found 1 plugins.
Preloading 0 native plugins for Editor in 0.00 ms.
Unloading 1805 Unused Serialized files (Serialized files now loaded: 0)
System memory in use before: 85.6 MB.
System memory in use after: 85.5 MB.

Unloading 12 unused Assets to reduce memory usage. Loaded Objects now: 2276.
Total: 3.049000 ms (FindLiveObjects: 0.308700 ms CreateObjectMapping: 0.152100 ms MarkObjects: 2.435100 ms  DeleteObjects: 0.151400 ms)

========================================================================
Received Prepare
Registering precompiled user dll's ...
Registered in 0.001087 seconds.
Begin MonoManager ReloadAssembly
Native extension for WindowsStandalone target not found
Refreshing native plugins compatible for Editor in 0.43 ms, found 1 plugins.
Preloading 0 native plugins for Editor in 0.00 ms.
Mono: successfully reloaded assembly
- Completed reload, in  0.905 seconds
Platform modules already initialized, skipping
Refreshing native plugins compatible for Editor in 0.43 ms, found 1 plugins.
Preloading 0 native plugins for Editor in 0.00 ms.
Unloading 1805 Unused Serialized files (Serialized files now loaded: 0)
System memory in use before: 85.6 MB.
System memory in use after: 85.5 MB.

Unloading 12 unused Assets to reduce memory usage. Loaded Objects now: 2280.
Total: 2.038400 ms (FindLiveObjects: 0.205300 ms CreateObjectMapping: 0.042300 ms MarkObjects: 1.666400 ms  DeleteObjects: 0.123000 ms)

========================================================================
Received Import Request.
  Time since last request: 135.618156 seconds.
  path: Assets/Balls.cs
  artifactKey: Guid(3fa4a4f6b254e46499e9e2a26f3068ed) Importer(815301076,1909f56bfc062723c751e8b465ee728b)
Start importing Assets/Balls.cs using Guid(3fa4a4f6b254e46499e9e2a26f3068ed) Importer(815301076,1909f56bfc062723c751e8b465ee728b)  -> (artifact id: 'c2d0d7345562807448890bbfdf026aef') in 0.006359 seconds
  Import took 0.009510 seconds .

========================================================================
Received Prepare
Registering precompiled user dll's ...
Registered in 0.001096 seconds.
Begin MonoManager ReloadAssembly
Native extension for WindowsStandalone target not found
Refreshing native plugins compatible for Editor in 0.50 ms, found 1 plugins.
Preloading 0 native plugins for Editor in 0.00 ms.
Mono: successfully reloaded assembly
- Completed reload, in  0.903 seconds
Platform modules already initialized, skipping
Refreshing native plugins compatible for Editor in 0.35 ms, found 1 plugins.
Preloading 0 native plugins for Editor in 0.00 ms.
Unloading 1805 Unused Serialized files (Serialized files now loaded: 0)
System memory in use before: 85.6 MB.
System memory in use after: 85.5 MB.

Unloading 12 unused Assets to reduce memory usage. Loaded Objects now: 2284.
Total: 2.572300 ms (FindLiveObjects: 0.264600 ms CreateObjectMapping: 0.075600 ms MarkObjects: 2.089000 ms  DeleteObjects: 0.141800 ms)

========================================================================
Received Import Request.
  Time since last request: 36.707192 seconds.
  path: Assets/Prefabs/Ball.prefab
  artifactKey: Guid(cdc15b26ddfcfbc4ab237f2342db8156) Importer(815301076,1909f56bfc062723c751e8b465ee728b)
Start importing Assets/Prefabs/Ball.prefab using Guid(cdc15b26ddfcfbc4ab237f2342db8156) Importer(815301076,1909f56bfc062723c751e8b465ee728b)  -> (artifact id: 'c9ae420613caad250f294f6933fed073') in 0.103142 seconds
  Import took 0.107289 seconds .

========================================================================
Received Import Request.
  Time since last request: 13.401761 seconds.
  path: Assets/Prefabs/Ball1.prefab
  artifactKey: Guid(00463cabad3aae54faeb03c02ea28f48) Importer(815301076,1909f56bfc062723c751e8b465ee728b)
Start importing Assets/Prefabs/Ball1.prefab using Guid(00463cabad3aae54faeb03c02ea28f48) Importer(815301076,1909f56bfc062723c751e8b465ee728b)  -> (artifact id: 'bb5b75bce58c6ed43afdc128c5b57571') in 0.017402 seconds
  Import took 0.021268 seconds .

========================================================================
Received Import Request.
  Time since last request: 18.559398 seconds.
  path: Assets/Prefabs/Ball2.prefab
  artifactKey: Guid(f5bedbf83209ae74aa19da8546fc2d08) Importer(815301076,1909f56bfc062723c751e8b465ee728b)
Start importing Assets/Prefabs/Ball2.prefab using Guid(f5bedbf83209ae74aa19da8546fc2d08) Importer(815301076,1909f56bfc062723c751e8b465ee728b)  -> (artifact id: 'f0ba3d9f0afceef26f7f17338c82d95d') in 0.016222 seconds
  Import took 0.020154 seconds .

========================================================================
Received Import Request.
  Time since last request: 6.688846 seconds.
  path: Assets/Prefabs/Ball3.prefab
  artifactKey: Guid(f516af346cee01f4ca6c0be835f624f5) Importer(815301076,1909f56bfc062723c751e8b465ee728b)
Start importing Assets/Prefabs/Ball3.prefab using Guid(f516af346cee01f4ca6c0be835f624f5) Importer(815301076,1909f56bfc062723c751e8b465ee728b)  -> (artifact id: '2807e0504d6675443c0304c3ed7f7d42') in 0.015636 seconds
  Import took 0.018580 seconds .

========================================================================
Received Prepare
Registering precompiled user dll's ...
Registered in 0.001040 seconds.
Begin MonoManager ReloadAssembly
Native extension for WindowsStandalone target not found
Refreshing native plugins compatible for Editor in 0.37 ms, found 1 plugins.
Preloading 0 native plugins for Editor in 0.00 ms.
Mono: successfully reloaded assembly
- Completed reload, in  0.904 seconds
Platform modules already initialized, skipping
Refreshing native plugins compatible for Editor in 0.37 ms, found 1 plugins.
Preloading 0 native plugins for Editor in 0.00 ms.
Unloading 1805 Unused Serialized files (Serialized files now loaded: 0)
System memory in use before: 88.7 MB.
System memory in use after: 88.7 MB.

Unloading 12 unused Assets to reduce memory usage. Loaded Objects now: 2295.
Total: 2.743100 ms (FindLiveObjects: 0.262900 ms CreateObjectMapping: 0.054200 ms MarkObjects: 2.280400 ms  DeleteObjects: 0.144200 ms)

========================================================================
Received Prepare
Registering precompiled user dll's ...
Registered in 0.001234 seconds.
Begin MonoManager ReloadAssembly
Native extension for WindowsStandalone target not found
Refreshing native plugins compatible for Editor in 0.52 ms, found 1 plugins.
Preloading 0 native plugins for Editor in 0.00 ms.
Mono: successfully reloaded assembly
- Completed reload, in  0.930 seconds
Platform modules already initialized, skipping
Refreshing native plugins compatible for Editor in 0.34 ms, found 1 plugins.
Preloading 0 native plugins for Editor in 0.00 ms.
Unloading 1805 Unused Serialized files (Serialized files now loaded: 0)
System memory in use before: 88.7 MB.
System memory in use after: 88.7 MB.

Unloading 12 unused Assets to reduce memory usage. Loaded Objects now: 2299.
Total: 2.839800 ms (FindLiveObjects: 0.218800 ms CreateObjectMapping: 0.042600 ms MarkObjects: 2.430100 ms  DeleteObjects: 0.147000 ms)

========================================================================
Received Import Request.
  Time since last request: 617.997919 seconds.
  path: Assets/Player.cs
  artifactKey: Guid(5775feef465cd834088e27e7d75c076b) Importer(815301076,1909f56bfc062723c751e8b465ee728b)
Start importing Assets/Player.cs using Guid(5775feef465cd834088e27e7d75c076b) Importer(815301076,1909f56bfc062723c751e8b465ee728b)  -> (artifact id: '37c2f364cbabcedacb762da743500dc1') in 0.013439 seconds
  Import took 0.017514 seconds .

========================================================================
Received Prepare
Registering precompiled user dll's ...
Registered in 0.044924 seconds.
Begin MonoManager ReloadAssembly
Native extension for WindowsStandalone target not found
Refreshing native plugins compatible for Editor in 0.50 ms, found 1 plugins.
Preloading 0 native plugins for Editor in 0.00 ms.
Mono: successfully reloaded assembly
- Completed reload, in  0.899 seconds
Platform modules already initialized, skipping
Refreshing native plugins compatible for Editor in 0.36 ms, found 1 plugins.
Preloading 0 native plugins for Editor in 0.00 ms.
Unloading 1806 Unused Serialized files (Serialized files now loaded: 0)
System memory in use before: 88.7 MB.
System memory in use after: 88.7 MB.

Unloading 12 unused Assets to reduce memory usage. Loaded Objects now: 2304.
Total: 2.335800 ms (FindLiveObjects: 0.306600 ms CreateObjectMapping: 0.053500 ms MarkObjects: 1.851400 ms  DeleteObjects: 0.122700 ms)

========================================================================
Received Import Request.
  Time since last request: 521.503973 seconds.
  path: Assets/Player.cs
  artifactKey: Guid(5775feef465cd834088e27e7d75c076b) Importer(815301076,1909f56bfc062723c751e8b465ee728b)
Start importing Assets/Player.cs using Guid(5775feef465cd834088e27e7d75c076b) Importer(815301076,1909f56bfc062723c751e8b465ee728b)  -> (artifact id: 'ceaabdfde957a98d794c747bb05f9281') in 0.013893 seconds
  Import took 0.017596 seconds .

========================================================================
Received Import Request.
  Time since last request: 303.794735 seconds.
  path: Assets/Player.cs
  artifactKey: Guid(5775feef465cd834088e27e7d75c076b) Importer(815301076,1909f56bfc062723c751e8b465ee728b)
Start importing Assets/Player.cs using Guid(5775feef465cd834088e27e7d75c076b) Importer(815301076,1909f56bfc062723c751e8b465ee728b)  -> (artifact id: 'b592aca8f86165071833eb5d3ebcd48a') in 0.013236 seconds
  Import took 0.018059 seconds .

========================================================================
Received Prepare
Registering precompiled user dll's ...
Registered in 0.001099 seconds.
Begin MonoManager ReloadAssembly
Native extension for WindowsStandalone target not found
Refreshing native plugins compatible for Editor in 0.44 ms, found 1 plugins.
Preloading 0 native plugins for Editor in 0.00 ms.
Mono: successfully reloaded assembly
- Completed reload, in  0.906 seconds
Platform modules already initialized, skipping
Refreshing native plugins compatible for Editor in 0.35 ms, found 1 plugins.
Preloading 0 native plugins for Editor in 0.00 ms.
Unloading 1806 Unused Serialized files (Serialized files now loaded: 0)
System memory in use before: 88.7 MB.
System memory in use after: 88.7 MB.

Unloading 12 unused Assets to reduce memory usage. Loaded Objects now: 2308.
Total: 2.612700 ms (FindLiveObjects: 0.230400 ms CreateObjectMapping: 0.058200 ms MarkObjects: 2.176400 ms  DeleteObjects: 0.146300 ms)

========================================================================
Received Import Request.
  Time since last request: 66.205964 seconds.
  path: Assets/Player.cs
  artifactKey: Guid(5775feef465cd834088e27e7d75c076b) Importer(815301076,1909f56bfc062723c751e8b465ee728b)
Start importing Assets/Player.cs using Guid(5775feef465cd834088e27e7d75c076b) Importer(815301076,1909f56bfc062723c751e8b465ee728b)  -> (artifact id: 'b7f59c5cbc8a3ea261d831b75efeaf62') in 0.006550 seconds
  Import took 0.010776 seconds .

========================================================================
Received Prepare
Registering precompiled user dll's ...
Registered in 0.001343 seconds.
Begin MonoManager ReloadAssembly
Native extension for WindowsStandalone target not found
Refreshing native plugins compatible for Editor in 0.42 ms, found 1 plugins.
Preloading 0 native plugins for Editor in 0.00 ms.
Mono: successfully reloaded assembly
- Completed reload, in  0.884 seconds
Platform modules already initialized, skipping
Refreshing native plugins compatible for Editor in 0.37 ms, found 1 plugins.
Preloading 0 native plugins for Editor in 0.00 ms.
Unloading 1806 Unused Serialized files (Serialized files now loaded: 0)
System memory in use before: 88.7 MB.
System memory in use after: 88.7 MB.

Unloading 12 unused Assets to reduce memory usage. Loaded Objects now: 2312.
Total: 2.618900 ms (FindLiveObjects: 0.207400 ms CreateObjectMapping: 0.041700 ms MarkObjects: 2.224900 ms  DeleteObjects: 0.143800 ms)

========================================================================
Received Prepare
Registering precompiled user dll's ...
Registered in 0.001054 seconds.
Begin MonoManager ReloadAssembly
Native extension for WindowsStandalone target not found
Refreshing native plugins compatible for Editor in 0.50 ms, found 1 plugins.
Preloading 0 native plugins for Editor in 0.00 ms.
Mono: successfully reloaded assembly
- Completed reload, in  0.933 seconds
Platform modules already initialized, skipping
Refreshing native plugins compatible for Editor in 0.35 ms, found 1 plugins.
Preloading 0 native plugins for Editor in 0.00 ms.
Unloading 1806 Unused Serialized files (Serialized files now loaded: 0)
System memory in use before: 88.7 MB.
System memory in use after: 88.7 MB.

Unloading 12 unused Assets to reduce memory usage. Loaded Objects now: 2316.
Total: 2.534400 ms (FindLiveObjects: 0.245600 ms CreateObjectMapping: 0.066600 ms MarkObjects: 2.081000 ms  DeleteObjects: 0.139800 ms)

========================================================================
Received Import Request.
  Time since last request: 1128.227074 seconds.
  path: Assets/Player.cs
  artifactKey: Guid(5775feef465cd834088e27e7d75c076b) Importer(815301076,1909f56bfc062723c751e8b465ee728b)
Start importing Assets/Player.cs using Guid(5775feef465cd834088e27e7d75c076b) Importer(815301076,1909f56bfc062723c751e8b465ee728b)  -> (artifact id: '052e7a80e3d98a7838ae428d13a5e038') in 0.007060 seconds
  Import took 0.011633 seconds .

========================================================================
Received Prepare
Registering precompiled user dll's ...
Registered in 0.001033 seconds.
Begin MonoManager ReloadAssembly
Native extension for WindowsStandalone target not found
Refreshing native plugins compatible for Editor in 0.42 ms, found 1 plugins.
Preloading 0 native plugins for Editor in 0.00 ms.
Mono: successfully reloaded assembly
- Completed reload, in  0.905 seconds
Platform modules already initialized, skipping
Refreshing native plugins compatible for Editor in 0.41 ms, found 1 plugins.
Preloading 0 native plugins for Editor in 0.00 ms.
Unloading 1806 Unused Serialized files (Serialized files now loaded: 0)
System memory in use before: 88.8 MB.
System memory in use after: 88.7 MB.

Unloading 12 unused Assets to reduce memory usage. Loaded Objects now: 2320.
Total: 2.739200 ms (FindLiveObjects: 0.255600 ms CreateObjectMapping: 0.053000 ms MarkObjects: 2.275300 ms  DeleteObjects: 0.153700 ms)

========================================================================
Received Prepare
Registering precompiled user dll's ...
Registered in 0.001262 seconds.
Begin MonoManager ReloadAssembly
Native extension for WindowsStandalone target not found
Refreshing native plugins compatible for Editor in 0.55 ms, found 1 plugins.
Preloading 0 native plugins for Editor in 0.00 ms.
Mono: successfully reloaded assembly
- Completed reload, in  0.944 seconds
Platform modules already initialized, skipping
Refreshing native plugins compatible for Editor in 0.34 ms, found 1 plugins.
Preloading 0 native plugins for Editor in 0.00 ms.
Unloading 1806 Unused Serialized files (Serialized files now loaded: 0)
System memory in use before: 88.8 MB.
System memory in use after: 88.7 MB.

Unloading 12 unused Assets to reduce memory usage. Loaded Objects now: 2324.
Total: 2.491000 ms (FindLiveObjects: 0.235400 ms CreateObjectMapping: 0.051200 ms MarkObjects: 2.062200 ms  DeleteObjects: 0.140700 ms)

========================================================================
Received Prepare
Registering precompiled user dll's ...
Registered in 0.001190 seconds.
Begin MonoManager ReloadAssembly
Native extension for WindowsStandalone target not found
Refreshing native plugins compatible for Editor in 0.42 ms, found 1 plugins.
Preloading 0 native plugins for Editor in 0.00 ms.
Mono: successfully reloaded assembly
- Completed reload, in  0.890 seconds
Platform modules already initialized, skipping
Refreshing native plugins compatible for Editor in 0.35 ms, found 1 plugins.
Preloading 0 native plugins for Editor in 0.00 ms.
Unloading 1806 Unused Serialized files (Serialized files now loaded: 0)
System memory in use before: 88.8 MB.
System memory in use after: 88.7 MB.

Unloading 12 unused Assets to reduce memory usage. Loaded Objects now: 2328.
Total: 2.538900 ms (FindLiveObjects: 0.218000 ms CreateObjectMapping: 0.057600 ms MarkObjects: 2.123800 ms  DeleteObjects: 0.138200 ms)

========================================================================
Received Prepare
Registering precompiled user dll's ...
Registered in 0.001063 seconds.
Begin MonoManager ReloadAssembly
Native extension for WindowsStandalone target not found
Refreshing native plugins compatible for Editor in 0.35 ms, found 1 plugins.
Preloading 0 native plugins for Editor in 0.00 ms.
Mono: successfully reloaded assembly
- Completed reload, in  0.900 seconds
Platform modules already initialized, skipping
Refreshing native plugins compatible for Editor in 0.35 ms, found 1 plugins.
Preloading 0 native plugins for Editor in 0.00 ms.
Unloading 1806 Unused Serialized files (Serialized files now loaded: 0)
System memory in use before: 88.8 MB.
System memory in use after: 88.8 MB.

Unloading 12 unused Assets to reduce memory usage. Loaded Objects now: 2332.
Total: 2.600700 ms (FindLiveObjects: 0.221200 ms CreateObjectMapping: 0.058600 ms MarkObjects: 2.178300 ms  DeleteObjects: 0.141400 ms)

========================================================================
Received Prepare
Registering precompiled user dll's ...
Registered in 0.001244 seconds.
Begin MonoManager ReloadAssembly
Native extension for WindowsStandalone target not found
Refreshing native plugins compatible for Editor in 0.41 ms, found 1 plugins.
Preloading 0 native plugins for Editor in 0.00 ms.
Mono: successfully reloaded assembly
- Completed reload, in  0.908 seconds
Platform modules already initialized, skipping
Refreshing native plugins compatible for Editor in 0.35 ms, found 1 plugins.
Preloading 0 native plugins for Editor in 0.00 ms.
Unloading 1806 Unused Serialized files (Serialized files now loaded: 0)
System memory in use before: 88.8 MB.
System memory in use after: 88.8 MB.

Unloading 12 unused Assets to reduce memory usage. Loaded Objects now: 2336.
Total: 2.782700 ms (FindLiveObjects: 0.239700 ms CreateObjectMapping: 0.057800 ms MarkObjects: 2.332800 ms  DeleteObjects: 0.150900 ms)

========================================================================
Received Prepare
Registering precompiled user dll's ...
Registered in 0.001088 seconds.
Begin MonoManager ReloadAssembly
Native extension for WindowsStandalone target not found
Refreshing native plugins compatible for Editor in 0.46 ms, found 1 plugins.
Preloading 0 native plugins for Editor in 0.00 ms.
Mono: successfully reloaded assembly
- Completed reload, in  0.901 seconds
Platform modules already initialized, skipping
Refreshing native plugins compatible for Editor in 0.43 ms, found 1 plugins.
Preloading 0 native plugins for Editor in 0.00 ms.
Unloading 1806 Unused Serialized files (Serialized files now loaded: 0)
System memory in use before: 88.8 MB.
System memory in use after: 88.8 MB.

Unloading 12 unused Assets to reduce memory usage. Loaded Objects now: 2340.
Total: 2.901400 ms (FindLiveObjects: 0.265300 ms CreateObjectMapping: 0.062500 ms MarkObjects: 2.408000 ms  DeleteObjects: 0.163800 ms)

