Using pre-set license
Built from '2020.3/release' branch; Version is '2020.3.7f1 (dd97f2c94397) revision 14522354'; Using compiler version '192528614'; Build Type 'Release'
OS: 'Windows 10 Pro; OS build 19041.985; Version 2004; 64bit' Language: 'es' Physical Memory: 14260 MB
BatchMode: 1, IsHumanControllingUs: 0, StartBugReporterOnCrash: 0, Is64bit: 1, IsPro: 0

 COMMAND LINE ARGUMENTS:
C:\Program Files\Unity\Hub\Editor\2020.3.7f1\Editor\Unity.exe
-adb2
-batchMode
-noUpm
-name
AssetImportWorker0
-projectPath
C:/Users/Usuario/Documents/GitHub/Progra-3---Tarea-3---RZ----CAT/Ejemploarrays_RaulZarate
-logFile
Logs/AssetImportWorker0.log
-srvPort
54300
Successfully changed project path to: C:/Users/Usuario/Documents/GitHub/Progra-3---Tarea-3---RZ----CAT/Ejemploarrays_RaulZarate
C:/Users/Usuario/Documents/GitHub/Progra-3---Tarea-3---RZ----CAT/Ejemploarrays_RaulZarate
Using Asset Import Pipeline V2.
Refreshing native plugins compatible for Editor in 42.90 ms, found 1 plugins.
Preloading 0 native plugins for Editor in 0.00 ms.
Initialize engine version: 2020.3.7f1 (dd97f2c94397)
[Subsystems] Discovering subsystems at path C:/Program Files/Unity/Hub/Editor/2020.3.7f1/Editor/Data/Resources/UnitySubsystems
[Subsystems] Discovering subsystems at path C:/Users/Usuario/Documents/GitHub/Progra-3---Tarea-3---RZ----CAT/Ejemploarrays_RaulZarate/Assets
GfxDevice: creating device client; threaded=0
Direct3D:
    Version:  Direct3D 11.0 [level 11.1]
    Renderer: AMD Radeon(TM) RX Vega 11 Graphics (ID=0x15d8)
    Vendor:   
    VRAM:     7130 MB
    Driver:   27.20.21002.112
Initialize mono
Mono path[0] = 'C:/Program Files/Unity/Hub/Editor/2020.3.7f1/Editor/Data/Managed'
Mono path[1] = 'C:/Program Files/Unity/Hub/Editor/2020.3.7f1/Editor/Data/MonoBleedingEdge/lib/mono/unityjit'
Mono config path = 'C:/Program Files/Unity/Hub/Editor/2020.3.7f1/Editor/Data/MonoBleedingEdge/etc'
Using monoOptions --debugger-agent=transport=dt_socket,embedding=1,server=y,suspend=n,address=127.0.0.1:56848
Begin MonoManager ReloadAssembly
Registering precompiled unity dll's ...
Register platform support module: C:/Program Files/Unity/Hub/Editor/2020.3.7f1/Editor/Data/PlaybackEngines/WindowsStandaloneSupport/UnityEditor.WindowsStandalone.Extensions.dll
Registered in 0.002628 seconds.
Native extension for WindowsStandalone target not found
Refreshing native plugins compatible for Editor in 42.81 ms, found 1 plugins.
Preloading 0 native plugins for Editor in 0.00 ms.
Mono: successfully reloaded assembly
- Completed reload, in  1.296 seconds
Platform modules already initialized, skipping
Registering precompiled user dll's ...
Registered in 0.001207 seconds.
Begin MonoManager ReloadAssembly
Native extension for WindowsStandalone target not found
Refreshing native plugins compatible for Editor in 45.04 ms, found 1 plugins.
Preloading 0 native plugins for Editor in 0.00 ms.
Mono: successfully reloaded assembly
- Completed reload, in  1.237 seconds
Platform modules already initialized, skipping
========================================================================
Worker process is ready to serve import requests
Launched and connected shader compiler UnityShaderCompiler.exe after 0.04 seconds
Refreshing native plugins compatible for Editor in 0.36 ms, found 1 plugins.
Preloading 0 native plugins for Editor in 0.00 ms.
Unloading 1811 Unused Serialized files (Serialized files now loaded: 0)
System memory in use before: 85.5 MB.
System memory in use after: 85.5 MB.

Unloading 24 unused Assets to reduce memory usage. Loaded Objects now: 2253.
Total: 3.558500 ms (FindLiveObjects: 0.305900 ms CreateObjectMapping: 0.137000 ms MarkObjects: 2.921300 ms  DeleteObjects: 0.191800 ms)

========================================================================
Received Import Request.
  path: Assets/Balls.cs
  artifactKey: Guid(3fa4a4f6b254e46499e9e2a26f3068ed) Importer(815301076,1909f56bfc062723c751e8b465ee728b)
Start importing Assets/Balls.cs using Guid(3fa4a4f6b254e46499e9e2a26f3068ed) Importer(815301076,1909f56bfc062723c751e8b465ee728b)  -> (artifact id: '861c4c9420859ae7f826da9a792d5893') in 0.062872 seconds
  Import took 0.068930 seconds .

========================================================================
Received Import Request.
  Time since last request: 42.053260 seconds.
  path: Assets/Player.cs
  artifactKey: Guid(5775feef465cd834088e27e7d75c076b) Importer(815301076,1909f56bfc062723c751e8b465ee728b)
Start importing Assets/Player.cs using Guid(5775feef465cd834088e27e7d75c076b) Importer(815301076,1909f56bfc062723c751e8b465ee728b)  -> (artifact id: '7e7919ac54d2101fa22014a78e9a3636') in 0.010592 seconds
  Import took 0.015065 seconds .

========================================================================
Received Import Request.
  Time since last request: 0.000684 seconds.
  path: Assets/Player.cs
  artifactKey: Guid(5775feef465cd834088e27e7d75c076b) Importer(815301076,1909f56bfc062723c751e8b465ee728b)
Start importing Assets/Player.cs using Guid(5775feef465cd834088e27e7d75c076b) Importer(815301076,1909f56bfc062723c751e8b465ee728b)  -> (artifact id: '7e7919ac54d2101fa22014a78e9a3636') in 0.003109 seconds
  Import took 0.007490 seconds .

AssetImportWorkerClient::OnTransportError - code=2 error=End of file
